Performing C SOURCE FILE Test CMAKE_HAVE_LIBC_PTHREAD failed with the following output:
Change Dir: /home/matgod/Study/Linux/Lab_4/cmake-build-debug/CMakeFiles/CMakeTmp

Run Build Command(s):/usr/bin/make cmTC_404b5/fast && /usr/bin/make -f CMakeFiles/cmTC_404b5.dir/build.make CMakeFiles/cmTC_404b5.dir/build
make[1]: вход в каталог «/home/matgod/Study/Linux/Lab_4/cmake-build-debug/CMakeFiles/CMakeTmp»
Building C object CMakeFiles/cmTC_404b5.dir/src.c.o
/usr/bin/cc   -DCMAKE_HAVE_LIBC_PTHREAD   -o CMakeFiles/cmTC_404b5.dir/src.c.o   -c /home/matgod/Study/Linux/Lab_4/cmake-build-debug/CMakeFiles/CMakeTmp/src.c
Linking C executable cmTC_404b5
/home/matgod/CLion/bin/cmake/linux/bin/cmake -E cmake_link_script CMakeFiles/cmTC_404b5.dir/link.txt --verbose=1
/usr/bin/cc  -DCMAKE_HAVE_LIBC_PTHREAD    CMakeFiles/cmTC_404b5.dir/src.c.o  -o cmTC_404b5 
/usr/bin/ld: CMakeFiles/cmTC_404b5.dir/src.c.o: в функции «main»:
src.c:(.text+0x46): неопределённая ссылка на «pthread_create»
/usr/bin/ld: src.c:(.text+0x52): неопределённая ссылка на «pthread_detach»
/usr/bin/ld: src.c:(.text+0x63): неопределённая ссылка на «pthread_join»
collect2: error: ld returned 1 exit status
make[1]: *** [CMakeFiles/cmTC_404b5.dir/build.make:87: cmTC_404b5] Ошибка 1
make[1]: выход из каталога «/home/matgod/Study/Linux/Lab_4/cmake-build-debug/CMakeFiles/CMakeTmp»
make: *** [Makefile:121: cmTC_404b5/fast] Ошибка 2


Source file was:
#include <pthread.h>

void* test_func(void* data)
{
  return data;
}

int main(void)
{
  pthread_t thread;
  pthread_create(&thread, NULL, test_func, NULL);
  pthread_detach(thread);
  pthread_join(thread, NULL);
  pthread_atfork(NULL, NULL, NULL);
  pthread_exit(NULL);

  return 0;
}

